/ W 018 018 018 
/.bashrc W 006 006 006 
/bin . 001 002 003 
/bin/* . 001 002 003 
/bin/bash W 001 002 003 
/bin/login F 001 002 003 
/bin/passwd F 001 002 003 
/bin/sh W 001 002 003 
/bin/su F 001 002 003 
/bin W 001 002 003 
/bin/wall . 001 002 003 
/bin/write . 001 002 003 
/boot . 001 002 003 
/boot/vmlinuz . 001 002 003 
/.cshrc W 006 006 006 
/dev . 001 002 003 
/dev/audio . 001 002 003 
/dev/audioctl . 001 002 003 
/dev/console . 001 002 003 
/dev/eeprom . 001 002 003 
/dev/kmem . 001 002 003 
/dev/mbio . 001 002 003 
/dev/mbmem . 001 002 003 
/dev/mem . 001 002 003 
/dev/nit . 001 002 003 
/dev/null . 001 002 003 
/dev/openprom . 001 002 003 
/dev/sbus* . 001 002 003 
/dev/tty . 001 002 003 
/dev/vme* . 001 002 003 
/dev/zero . 001 002 003 
/etc W 019 019 019 
/etc/* . 001 002 003 
/etc/acid . 001 002 003 
/etc/aliases F 007 007 007   
/etc/aliases.db F 007 007 007 
/etc/aliases.dir F 007 007 007 
/etc/aliases F 007 007 007 
/etc/aliases.pag F 007 007 007 
/etc/bootparams W 001 002 003 
/etc/brc . 001 002 003 
/etc/checklist . 001 002 003 
/etc/config . 001 002 003 
/etc/config/* W 001 002 003 
/etc/cshrc . 001 002 003 
/etc/exports W 008 008 008 
/etc/fstab W 001 002 003 
/etc/fstyp.d/* W 001 002 003 
/etc/gettytab W 001 002 003 
/etc/group . 001 002 003 
/etc/group F 009 009 009 
/etc/hosts F 001 002 003 
/etc/hosts.allow W 010 010 010 
/etc/hosts.bin . 001 002 003 
/etc/hosts.conf W 012 012 012 
/etc/hosts.deny W 010 010 010 
/etc/hosts.equiv W 011 011 011 
/etc/hosts.lpd W 011 011 011 
/etc/inetd.conf W 012 012 012 
/etc/login.access F 026 026 026
/etc/login.conf F 027 027 027
/etc/init.d F 015 015 015 
/etc/init.d/* F 015 015 015 
/etc/inittab W 001 002 003 
/etc/ld.so.cache W 001 002 003 
/etc/mail . 001 002 003 
/etc/mail/aliases . 001 002 003 
/etc/mail/aliases.dir . 001 002 003 
/etc/mail/aliases.pag . 001 002 003 
/etc/mail/sendmail.cf . 001 002 003 
/etc/mnttab . 001 002 003 
/etc/modules . 001 002 003 
/etc/motd W 001 002 003 
/etc/mtab W 001 002 003 
/etc/netgroup F 013 013 013 
/etc/netinfo . 001 002 003 
/etc/nulib . 001 002 003 
/etc/pam.d/* W 029 029 029
/etc/passwd A 014 014 014 
/etc/printcap W 001 002 003 
/etc/profile . 001 002 003 
/etc/rc . 001 002 003 
/etc/rc 015 015   
/etc/rc.boot F 015 015 015 
/etc/rc.cdrom F 015 015 015 
/etc/rc?.d F 015 015 015 
/etc/rc?.d/* F 015 015 015 
/etc/rc.d F 015 015 015 
/etc/rc F 015 015 015 
/etc/rc? F 015 015 015 
/etc/rc.local 015 015   
/etc/rc.local F 015 015 015 
/etc/rc.mid . 001 002 003 
/etc/rc.pst . 001 002 003 
/etc/rc.swap F 015 015 015 
/etc/rc.uucp F 015 015 015 
/etc/remote W 001 002 003 
/etc/resolv.conf W 016 016 016 
/etc/rpc W 001 002 003 
/etc/security/* A 005 005 005 
/etc/security A 005 005 005 
/etc/security/passwd.adjunct A 005 005 005 
/etc/sendmail . 001 002 003 
/etc/sendmail/aliases.dir F 007 007 007 
/etc/sendmail/aliases F 007 007 007 
/etc/sendmail/aliases.pag F 007 007 007 
/etc/sendmail.cf W 001 002 003 
/etc/sendmail/sendmail.mailhost.cf W 001 002 003 
/etc/sendmail/sendmail.sharedsubsidiary.cf W 001 002 003 
/etc/sendmail/sendmail.subsidiary.cf W 001 002 003 
/etc/services W 001 002 003 
/etc/sudoers W 017 017 017 
/etc/suid_exec . 001 002 003 
/etc/syslog.conf W 001 002 003 
/etc/syslog.pid W 001 002 003 
/etc/transferDevice/* W 001 002 003 
/etc/ttys W 030 030 030
/etc/default/login W 030 030 030
/etc/security W 030 030 030 
/etc/securetty W 030 030 030 
/etc/ttytab W 030 030 030 
/etc/udb . 001 002 003 
/etc/udb.public . 001 002 003 
/etc/uidmaps . 001 002 003 
/etc/utmp W 017 017 017 
/etc/uucp . 001 002 003 
/etc/uucp/L.aliases . 001 002 003 
/etc/uucp/L.cmds . 001 002 003 
/etc/uucp/L-devices . 001 002 003 
/etc/uucp/L-dialcodes . 001 002 003 
/etc/uucp/L.sys . 001 002 003 
/etc/uucp/Permissions . 001 002 003 
/etc/uucp/Systems . 001 002 003 
/etc/wtmp . 001 002 003 
/etc/yp . 001 002 003 
/etc/zoneinfo . 001 002 003 
/.forward W 006 006 006 
/hw . 001 002 003 
/.kshrc W 006 006 006 
/lib . 001 002 003 
/.login W 006 006 006 
/private/adm . 001 002 003 
/private/dev . 001 002 003 
/private/etc . 001 002 003 
/private/Net . 001 002 003 
/private/preserve . 001 002 003 
/private/spool . 001 002 003 
/private/tftpboot . 001 002 003 
/private/vm . 001 002 003 
/private W 001 002 003 
/.profile W 006 006 006 
/.rhosts W 006 006 006 
/root/.bashrc W 006 006 006 
/root/.cshrc W 006 006 006 
/root/.forward W 006 006 006 
/root/.kshrc W 006 006 006 
/root/.login W 006 006 006 
/root/.profile W 006 006 006 
/root/.rhosts W 006 006 006 
/sbin W 001 002 003 
/sdmach . 001 002 003 
/.tcshrc . 001 002 003 
/tftpboot . 001 002 003 
/unicos . 001 002 003 
/unix . 001 002 003 
/usr . 001 002 003 
/usr/* . 001 002 003 
/usr/5include . 001 002 003 
/usr/5lib . 001 002 003 
/usr/adm . 001 002 003 
/usr/bin A 001 002 003 
/usr/bin/* . 001 002 003 
/usr/bin/at . 001 002 003 
/usr/bin/atq . 001 002 003 
/usr/bin/atrm . 001 002 003 
/usr/bin/cu . 001 002 003 
/usr/bin/login F 001 002 003 
/usr/bin/passwd F 001 002 003 
/usr/bin/ruusend . 001 002 003 
/usr/bin/sh W 001 002 003 
/usr/bin/su F 001 002 003 
/usr/bin/su.nowheel F 001 002 003 
/usr/bin/su.wheel F 001 002 003 
/usr/bin/tip . 001 002 003 
/usr/bin/uscpblock . 001 002 003 
/usr/bin/uscpping . 001 002 003 
/usr/bin/uucp . 001 002 003 
/usr/bin/uudecode . 001 002 003 
/usr/bin/uuencode . 001 002 003 
/usr/bin/uulog . 001 002 003 
/usr/bin/uuname . 001 002 003 
/usr/bin/uupick . 001 002 003 
/usr/bin/uupoll . 001 002 003 
/usr/bin/uuq . 001 002 003 
/usr/bin/uusend . 001 002 003 
/usr/bin/uusnap . 001 002 003 
/usr/bin/uustat . 001 002 003 
/usr/bin/uuto . 001 002 003 
/usr/bin/uux . 001 002 003 
/usr/bin/wall . 001 002 003 
/usr/bin/write . 001 002 003 
/usr/demo . 001 002 003 
/usr/diag . 001 002 003 
/usr/dict . 001 002 003 
/usr/etc . 001 002 003 
/usr/export . 001 002 003 
/usr/filesystems . 001 002 003 
/usr/games . 001 002 003 
/usr/gen . 001 002 003 
/usr/hosts . 001 002 003 
/usr/lang . 001 002 003 
/usr/lib . 001 002 003 
/usr/lib/aliases.dir F 007 007 007 
/usr/lib/aliases F 007 007 007 
/usr/lib/aliases.pag F 007 007 007 
/usr/lib/sendmail.cf W 001 002 003 
/usr/mail . 001 002 003 
/usr/netware . 001 002 003 
/usr/openwin . 001 002 003 
/usr/prman . 001 002 003 
/usr/pub . 001 002 003 
/usr/sccs . 001 002 003 
/usr/share . 001 002 003 
/usr/shlib . 001 002 003 
/usr/spool . 001 002 003 
/usr/standalone . 001 002 003 
/usr/template . 001 002 003 
/usr/ucb . 001 002 003 
/usr/ucb A 001 002 003 
/usr W 001 002 003 
/usr/xpg2bin . 001 002 003 
/usr/xpg2include . 001 002 003 
/usr/xpg2lib . 001 002 003 
/var . 001 002 003 
/var/* . 001 002 003 
/var/adm/messages* . 001 002 003 
/var/adm/pacct* . 001 002 003 
/var/log/* . 001 002 003 
/var/log/btmp . 001 002 003 
/var/log/wtmp . 001 002 003 
/var/log/xferlog . 001 002 003 
/var/run/syslog.pid W 001 002 003 
/var/run/utmp W 017 017 017 
/var/spool . 001 002 003 
/var/tmp . 001 002 003 
/var/yp . 001 002 003 
/var/yp/* . 001 002 003 
/var/yp/*/* . 001 002 003 
/vmlinuz . 001 002 003 
/vmunix . 001 002 003 
